дек. 13, 2023 8:14:12 PM PasswordManager main
SEVERE: Ошибка ввода
java.util.InputMismatchException
	at java.base/java.util.Scanner.throwFor(Scanner.java:939)
	at java.base/java.util.Scanner.next(Scanner.java:1594)
	at java.base/java.util.Scanner.nextInt(Scanner.java:2258)
	at java.base/java.util.Scanner.nextInt(Scanner.java:2212)
	at PasswordManager.main(PasswordManager.java:39)

дек. 13, 2023 11:12:02 PM PasswordManager loadAndDecryptPasswords
SEVERE: Ошибка при загрузке и расшифровке паролей
javax.crypto.BadPaddingException: Given final block not properly padded. Such issues can arise if a bad key is used during decryption.
	at java.base/com.sun.crypto.provider.CipherCore.unpad(CipherCore.java:982)
	at java.base/com.sun.crypto.provider.CipherCore.fillOutputBuffer(CipherCore.java:1062)
	at java.base/com.sun.crypto.provider.CipherCore.doFinal(CipherCore.java:855)
	at java.base/com.sun.crypto.provider.AESCipher.engineDoFinal(AESCipher.java:456)
	at java.base/javax.crypto.Cipher.doFinal(Cipher.java:2205)
	at PasswordManager.loadAndDecryptPasswords(PasswordManager.java:231)
	at PasswordManager.enterExistingPassword(PasswordManager.java:209)
	at PasswordManager.loadPasswordsFromFile(PasswordManager.java:145)
	at PasswordManager.main(PasswordManager.java:28)

дек. 16, 2023 4:00:47 PM PasswordManager loadAndDecryptPasswords
SEVERE: Ошибка загрузки и расшифровки
javax.crypto.BadPaddingException: Given final block not properly padded. Such issues can arise if a bad key is used during decryption.
	at java.base/com.sun.crypto.provider.CipherCore.unpad(CipherCore.java:982)
	at java.base/com.sun.crypto.provider.CipherCore.fillOutputBuffer(CipherCore.java:1062)
	at java.base/com.sun.crypto.provider.CipherCore.doFinal(CipherCore.java:855)
	at java.base/com.sun.crypto.provider.AESCipher.engineDoFinal(AESCipher.java:456)
	at java.base/javax.crypto.Cipher.doFinal(Cipher.java:2205)
	at PasswordManager.loadAndDecryptPasswords(PasswordManager.java:351)
	at PasswordManager.enterExistingPassword(PasswordManager.java:308)
	at PasswordManager.loadPasswordsFromFile(PasswordManager.java:219)
	at PasswordManager.main(PasswordManager.java:53)

дек. 16, 2023 4:00:47 PM PasswordManager enterExistingPassword
SEVERE: Ошибка загрузки и расшифровки
PasswordManager$InvalidPasswordException: Неверный пароль.
	at PasswordManager.loadAndDecryptPasswords(PasswordManager.java:365)
	at PasswordManager.enterExistingPassword(PasswordManager.java:308)
	at PasswordManager.loadPasswordsFromFile(PasswordManager.java:219)
	at PasswordManager.main(PasswordManager.java:53)

дек. 17, 2023 1:39:05 AM PasswordManager loadAndDecryptPasswords
SEVERE: Ошибка загрузки и расшифровки
javax.crypto.BadPaddingException: Given final block not properly padded. Such issues can arise if a bad key is used during decryption.
	at java.base/com.sun.crypto.provider.CipherCore.unpad(CipherCore.java:982)
	at java.base/com.sun.crypto.provider.CipherCore.fillOutputBuffer(CipherCore.java:1062)
	at java.base/com.sun.crypto.provider.CipherCore.doFinal(CipherCore.java:855)
	at java.base/com.sun.crypto.provider.AESCipher.engineDoFinal(AESCipher.java:456)
	at java.base/javax.crypto.Cipher.doFinal(Cipher.java:2205)
	at PasswordManager.loadAndDecryptPasswords(PasswordManager.java:341)
	at PasswordManager.enterExistingPassword(PasswordManager.java:299)
	at PasswordManager.loadPasswordsFromFile(PasswordManager.java:212)
	at PasswordManager.main(PasswordManager.java:52)

дек. 17, 2023 1:39:05 AM PasswordManager enterExistingPassword
SEVERE: Ошибка загрузки и расшифровки
InvalidPasswordException: Неверный пароль.
	at PasswordManager.loadAndDecryptPasswords(PasswordManager.java:355)
	at PasswordManager.enterExistingPassword(PasswordManager.java:299)
	at PasswordManager.loadPasswordsFromFile(PasswordManager.java:212)
	at PasswordManager.main(PasswordManager.java:52)

дек. 17, 2023 1:44:48 AM PasswordManager main
SEVERE: Ошибка ввода
java.util.InputMismatchException
	at java.base/java.util.Scanner.throwFor(Scanner.java:939)
	at java.base/java.util.Scanner.next(Scanner.java:1594)
	at java.base/java.util.Scanner.nextInt(Scanner.java:2258)
	at java.base/java.util.Scanner.nextInt(Scanner.java:2212)
	at PasswordManager.main(PasswordManager.java:66)

